<?xml version="1.0" encoding="UTF-8"?>
<!-- Generated by org.testng.reporters.JUnitReportReporter -->
<testsuite hostname="Mypc" name="com.stockAccounting.Tests.basicAnnotations" tests="3" failures="0" timestamp="18 Jun 2016 08:07:06 GMT" time="0.058" errors="0">
  <testcase name="a" time="0.021" classname="com.stockAccounting.Tests.basicAnnotations"/>
  <testcase name="function1" time="0.028" classname="com.stockAccounting.Tests.basicAnnotations"/>
  <testcase name="function2" time="0.009" classname="com.stockAccounting.Tests.basicAnnotations"/>
</testsuite> <!-- com.stockAccounting.Tests.basicAnnotations -->
