<?xml version="1.0" encoding="UTF-8"?>
<!-- Generated by org.testng.reporters.JUnitReportReporter -->
<testsuite hostname="Mypc" name="com.stockAccounting.driver.keyword" tests="1" failures="0" timestamp="2 Aug 2016 08:06:52 GMT" time="41.918" errors="0">
  <testcase name="driver" time="41.918" classname="com.stockAccounting.driver.keyword"/>
</testsuite> <!-- com.stockAccounting.driver.keyword -->
