<?xml version="1.0" encoding="UTF-8"?>
<!-- Generated by org.testng.reporters.JUnitReportReporter -->
<testsuite hostname="Mypc" name="com.stockAccounting.Tests.testngsuupc" tests="1" failures="0" timestamp="1 Aug 2016 06:02:12 GMT" time="23.972" errors="0">
  <testcase name="stockAcc_Suppcre" time="23.972" classname="com.stockAccounting.Tests.testngsuupc"/>
</testsuite> <!-- com.stockAccounting.Tests.testngsuupc -->
