<?xml version="1.0" encoding="UTF-8"?>
<!-- Generated by org.testng.reporters.JUnitReportReporter -->
<testsuite hostname="Mypc" name="com.stockAccounting.Tests.gridtest123" tests="2" failures="0" timestamp="4 Aug 2016 06:58:47 GMT" time="39.779" errors="0">
  <testcase name="test" time="18.040" classname="com.stockAccounting.Tests.gridtest123"/>
  <testcase name="test" time="21.739" classname="com.stockAccounting.Tests.gridtest123"/>
</testsuite> <!-- com.stockAccounting.Tests.gridtest123 -->
