<?xml version="1.0" encoding="UTF-8"?>
<!-- Generated by org.testng.reporters.JUnitReportReporter -->
<testsuite hostname="Mypc" name="com.stockAcc.Pages.logintest" tests="1" failures="0" timestamp="25 Jun 2016 03:36:07 GMT" time="30.593" errors="0">
  <testcase name="login" time="30.593" classname="com.stockAcc.Pages.logintest"/>
</testsuite> <!-- com.stockAcc.Pages.logintest -->
