<?xml version="1.0" encoding="UTF-8"?>
<!-- Generated by org.testng.reporters.JUnitReportReporter -->
<testsuite hostname="Mypc" name="com.stockAccounting.Tests.keyworddriverscript" tests="1" failures="0" timestamp="30 Jun 2016 05:12:35 GMT" time="32.203" errors="1">
  <testcase name="driverscript" time="32.203" classname="com.stockAccounting.Tests.keyworddriverscript">
    <error type="org.apache.poi.openxml4j.exceptions.OpenXML4JRuntimeException" message="Rule M2.4 exception : this error should NEVER happen! Please raise a bug at https://bz.apache.org/bugzilla/enter_bug.cgi?product=POI and attach a file that triggers it, thanks!">
      <![CDATA[org.apache.poi.openxml4j.exceptions.OpenXML4JRuntimeException: Rule M2.4 exception : this error should NEVER happen! Please raise a bug at https://bz.apache.org/bugzilla/enter_bug.cgi?product=POI and attach a file that triggers it, thanks!
	at org.apache.poi.openxml4j.opc.internal.ContentTypeManager.getContentType(ContentTypeManager.java:343)
	at org.apache.poi.openxml4j.opc.internal.ContentTypeManager.removeContentType(ContentTypeManager.java:256)
	at org.apache.poi.openxml4j.opc.OPCPackage.removePart(OPCPackage.java:975)
	at org.apache.poi.openxml4j.opc.PackagePart.getOutputStream(PackagePart.java:522)
	at org.apache.poi.xssf.usermodel.XSSFWorkbook.commit(XSSFWorkbook.java:1677)
	at org.apache.poi.POIXMLDocumentPart.onSave(POIXMLDocumentPart.java:464)
	at org.apache.poi.POIXMLDocument.write(POIXMLDocument.java:193)
	at com.stockAccounting.Tests.keyworddriverscript.driverscript(keyworddriverscript.java:107)
	at sun.reflect.NativeMethodAccessorImpl.invoke0(Native Method)
	at sun.reflect.NativeMethodAccessorImpl.invoke(Unknown Source)
	at sun.reflect.DelegatingMethodAccessorImpl.invoke(Unknown Source)
	at java.lang.reflect.Method.invoke(Unknown Source)
	at org.testng.internal.MethodInvocationHelper.invokeMethod(MethodInvocationHelper.java:85)
	at org.testng.internal.Invoker.invokeMethod(Invoker.java:639)
	at org.testng.internal.Invoker.invokeTestMethod(Invoker.java:816)
	at org.testng.internal.Invoker.invokeTestMethods(Invoker.java:1124)
	at org.testng.internal.TestMethodWorker.invokeTestMethods(TestMethodWorker.java:125)
	at org.testng.internal.TestMethodWorker.run(TestMethodWorker.java:108)
	at org.testng.TestRunner.privateRun(TestRunner.java:774)
	at org.testng.TestRunner.run(TestRunner.java:624)
	at org.testng.SuiteRunner.runTest(SuiteRunner.java:359)
	at org.testng.SuiteRunner.runSequentially(SuiteRunner.java:354)
	at org.testng.SuiteRunner.privateRun(SuiteRunner.java:312)
	at org.testng.SuiteRunner.run(SuiteRunner.java:261)
	at org.testng.SuiteRunnerWorker.runSuite(SuiteRunnerWorker.java:52)
	at org.testng.SuiteRunnerWorker.run(SuiteRunnerWorker.java:86)
	at org.testng.TestNG.runSuitesSequentially(TestNG.java:1215)
	at org.testng.TestNG.runSuitesLocally(TestNG.java:1140)
	at org.testng.TestNG.run(TestNG.java:1048)
	at org.testng.remote.AbstractRemoteTestNG.run(AbstractRemoteTestNG.java:126)
	at org.testng.remote.RemoteTestNG.initAndRun(RemoteTestNG.java:137)
	at org.testng.remote.RemoteTestNG.main(RemoteTestNG.java:58)
]]>
    </error>
  </testcase> <!-- driverscript -->
</testsuite> <!-- com.stockAccounting.Tests.keyworddriverscript -->
