<?xml version="1.0" encoding="UTF-8"?>
<!-- Generated by org.testng.reporters.JUnitReportReporter -->
<testsuite hostname="Mypc" name="com.stockAccounting.driver.hybrid" tests="1" failures="0" timestamp="2 Aug 2016 06:34:20 GMT" time="268.562" errors="0">
  <testcase name="driver" time="268.562" classname="com.stockAccounting.driver.hybrid"/>
</testsuite> <!-- com.stockAccounting.driver.hybrid -->
