<?xml version="1.0" encoding="UTF-8"?>
<!-- Generated by org.testng.reporters.JUnitReportReporter -->
<testsuite hostname="Mypc" name="com.stockAccounting.Tests.testtngstockcat" tests="1" failures="0" timestamp="1 Aug 2016 06:02:12 GMT" time="30.401" errors="0">
  <testcase name="stockAcc_Cat" time="30.401" classname="com.stockAccounting.Tests.testtngstockcat"/>
</testsuite> <!-- com.stockAccounting.Tests.testtngstockcat -->
